[m[22;1;32m   Compiling[22;39m kak-ethersync v0.1.0 (/home/salmiak/dev/kak-ethersync)
[m[22;1;33mwarning[39m: unused variable: `commands`
[m   [22;1;94m--> [22;39msrc/main.rs:424:9
[m    [22;1;94m|
[m[22;1;94m424[22;39m [22;1;94m|[22;39m     let commands = delta
[m    [22;1;94m|[22;39m         [22;1;33m^^^^^^^^[22;39m [22;1;33mhelp: if this is intentional, prefix it with an underscore: `_commands`
[m    [22;1;94m|
[m    [22;1;94m= [39mnote[22m: `#[warn(unused_variables)]` on by default

[m[22;1;33mwarning[39m: unused variable: `uri`
[m   [22;1;94m--> [22;39msrc/main.rs:517:17
[m    [22;1;94m|
[m[22;1;94m517[22;39m [22;1;94m|[22;39m                 uri,
[m    [22;1;94m|[22;39m                 [22;1;33m^^^[22;39m [22;1;33mhelp: try ignoring the field: `uri: _`

[m[22;1;33mwarning[39m: unused variable: `revision`
[m   [22;1;94m--> [22;39msrc/main.rs:518:17
[m    [22;1;94m|
[m[22;1;94m518[22;39m [22;1;94m|[22;39m                 revision,
[m    [22;1;94m|[22;39m                 [22;1;33m^^^^^^^^[22;39m [22;1;33mhelp: try ignoring the field: `revision: _`

[m[22;1;33mwarning[39m: unused variable: `userid`
[m   [22;1;94m--> [22;39msrc/main.rs:522:17
[m    [22;1;94m|
[m[22;1;94m522[22;39m [22;1;94m|[22;39m                 userid,
[m    [22;1;94m|[22;39m                 [22;1;33m^^^^^^[22;39m [22;1;33mhelp: try ignoring the field: `userid: _`

[m[22;1;33mwarning[39m: unused variable: `uri`
[m   [22;1;94m--> [22;39msrc/main.rs:524:17
[m    [22;1;94m|
[m[22;1;94m524[22;39m [22;1;94m|[22;39m                 uri,
[m    [22;1;94m|[22;39m                 [22;1;33m^^^[22;39m [22;1;33mhelp: try ignoring the field: `uri: _`

[m[22;1;33mwarning[39m: variant `Notification` is never constructed
[m  [22;1;94m--> [22;39msrc/main.rs:73:5
[m   [22;1;94m|
[m[22;1;94m66[22;39m [22;1;94m|[22;39m enum JSONRPCFromEditor {
[m   [22;1;94m|[22;39m      [22;1;94m-----------------[22;39m [22;1;94mvariant in this enum
[m[22;1;94m...
[m[22;1;94m73[22;39m [22;1;94m|[22;39m     Notification {
[m   [22;1;94m|[22;39m     [22;1;33m^^^^^^^^^^^^
[m   [22;1;94m|
[m   [22;1;94m= [39mnote[22m: `JSONRPCFromEditor` has derived impls for the traits `Clone` and `Debug`, but these are i
[mntentionally ignored during dead code analysis
[m   [22;1;94m= [39mnote[22m: `#[warn(dead_code)]` on by default

[m[22;1;33mwarning[39m:[22m `kak-ethersync` (bin "kak-ethersync") generated 6 warnings
[m[22;1;32m    Finished[22;39m ]8;;https://doc.rust-lang.org/cargo/reference/profiles.html#default-profiles\`dev` profile [unoptimized + debuginfo]]8;;\ target(s) in 1.60s
[m[22;1;32m     Running[22;39m `target/debug/kak-ethersync`
[msending {"jsonrpc":"2.0","id":0,"method":"cursor","params":{"uri":"file:///home/salmiak/dev/kak-ethe
[mrsync/test2/file","ranges":[{"start":{"line":2,"character":3},"end":{"line":2,"character":6}}]}}
[mgot some line: {"id":0,"jsonrpc":"2.0","result":"success"}
[mgot cursor message for user Some("salmiak"), ranges: [Range { start: Position { line: 4, character: 
[m0 }, end: Position { line: 4, character: 0 } }]
[msending {"jsonrpc":"2.0","id":1,"method":"open","params":{"uri":"file:///home/salmiak/dev/kak-ethers
[mync/test2/file"}}
[mgot some line: {"id":1,"jsonrpc":"2.0","result":"success"}
[mdelta: EditorTextDelta([EditorTextOp { range: Range { start: Position { line: 0, character: 0 }, end
[m: Position { line: 0, character: 0 } }, replacement: "test a\nyayasodijasdoij\nes geht ein bisschen\
[mnmeeptest" }])
[msending {"jsonrpc":"2.0","id":2,"method":"edit","params":{"uri":"file:///home/salmiak/dev/kak-ethers
[mync/test2/file","revision":0,"delta":[{"range":{"start":{"line":0,"character":0},"end":{"line":0,"ch
[maracter":0}},"replacement":"test a\nyayasodijasdoij\nes geht ein bisschen\nmeeptest"}]}}
[mgot some line: {"id":2,"jsonrpc":"2.0","result":"success"}
[msending {"jsonrpc":"2.0","id":3,"method":"cursor","params":{"uri":"file:///home/salmiak/dev/kak-ethe
[mrsync/test2/file","ranges":[{"start":{"line":2,"character":0},"end":{"line":2,"character":0}}]}}
[mgot some line: {"id":3,"jsonrpc":"2.0","result":"success"}
[msending {"jsonrpc":"2.0","id":4,"method":"cursor","params":{"uri":"file:///home/salmiak/dev/kak-ethe
[mrsync/test2/file","ranges":[{"start":{"line":2,"character":0},"end":{"line":2,"character":0}}]}}
[mgot some line: {"id":4,"jsonrpc":"2.0","result":"success"}
[msending {"jsonrpc":"2.0","id":5,"method":"cursor","params":{"uri":"file:///home/salmiak/dev/kak-ethe
[mrsync/test2/file","ranges":[{"start":{"line":2,"character":6},"end":{"line":2,"character":6}}]}}
[mgot some line: {"id":5,"jsonrpc":"2.0","result":"success"}
[msending {"jsonrpc":"2.0","id":6,"method":"cursor","params":{"uri":"file:///home/salmiak/dev/kak-ethe
[mrsync/test2/file","ranges":[{"start":{"line":2,"character":6},"end":{"line":2,"character":6}}]}}
[mgot some line: {"id":6,"jsonrpc":"2.0","result":"success"}
[msending {"jsonrpc":"2.0","id":7,"method":"cursor","params":{"uri":"file:///home/salmiak/dev/kak-ethe
[mrsync/test2/file","ranges":[{"start":{"line":1,"character":5},"end":{"line":1,"character":5}}]}}
[mgot some line: {"id":7,"jsonrpc":"2.0","result":"success"}
[msending {"jsonrpc":"2.0","id":8,"method":"cursor","params":{"uri":"file:///home/salmiak/dev/kak-ethe
[mrsync/test2/file","ranges":[{"start":{"line":1,"character":5},"end":{"line":1,"character":5}}]}}
[mgot some line: {"id":8,"jsonrpc":"2.0","result":"success"}
[msending {"jsonrpc":"2.0","id":9,"method":"cursor","params":{"uri":"file:///home/salmiak/dev/kak-ethe
[mrsync/test2/file","ranges":[{"start":{"line":2,"character":3},"end":{"line":2,"character":3}}]}}
[mgot some line: {"id":9,"jsonrpc":"2.0","result":"success"}
[msending {"jsonrpc":"2.0","id":10,"method":"cursor","params":{"uri":"file:///home/salmiak/dev/kak-eth
[mersync/test2/file","ranges":[{"start":{"line":2,"character":3},"end":{"line":2,"character":3}}]}}
[mgot some line: {"id":10,"jsonrpc":"2.0","result":"success"}
[msending {"jsonrpc":"2.0","id":11,"method":"cursor","params":{"uri":"file:///home/salmiak/dev/kak-eth
[mersync/test2/file","ranges":[{"start":{"line":2,"character":3},"end":{"line":2,"character":3}}]}}
[mgot some line: {"id":11,"jsonrpc":"2.0","result":"success"}
[mdelta: EditorTextDelta([EditorTextOp { range: Range { start: Position { line: 2, character: 3 }, end
[m: Position { line: 2, character: 3 } }, replacement: "u" }])
[msending {"jsonrpc":"2.0","id":12,"method":"edit","params":{"uri":"file:///home/salmiak/dev/kak-ether
[msync/test2/file","revision":0,"delta":[{"range":{"start":{"line":2,"character":3},"end":{"line":2,"c
[mharacter":3}},"replacement":"u"}]}}
[msending {"jsonrpc":"2.0","id":13,"method":"cursor","params":{"uri":"file:///home/salmiak/dev/kak-eth
[mersync/test2/file","ranges":[{"start":{"line":2,"character":4},"end":{"line":2,"character":4}}]}}
[mgot some line: {"id":12,"jsonrpc":"2.0","result":"success"}
[mgot some line: {"id":13,"jsonrpc":"2.0","result":"success"}
[mdelta: EditorTextDelta([EditorTextOp { range: Range { start: Position { line: 2, character: 4 }, end
[m: Position { line: 2, character: 4 } }, replacement: "w" }])
[msending {"jsonrpc":"2.0","id":14,"method":"edit","params":{"uri":"file:///home/salmiak/dev/kak-ether
[msync/test2/file","revision":0,"delta":[{"range":{"start":{"line":2,"character":4},"end":{"line":2,"c
[mharacter":4}},"replacement":"w"}]}}
[mgot some line: {"id":14,"jsonrpc":"2.0","result":"success"}
[msending {"jsonrpc":"2.0","id":15,"method":"cursor","params":{"uri":"file:///home/salmiak/dev/kak-eth
[mersync/test2/file","ranges":[{"start":{"line":2,"character":5},"end":{"line":2,"character":5}}]}}
[mgot some line: {"id":15,"jsonrpc":"2.0","result":"success"}
[mdelta: EditorTextDelta([EditorTextOp { range: Range { start: Position { line: 2, character: 5 }, end
[m: Position { line: 2, character: 5 } }, replacement: "u" }])
[msending {"jsonrpc":"2.0","id":16,"method":"edit","params":{"uri":"file:///home/salmiak/dev/kak-ether
[msync/test2/file","revision":0,"delta":[{"range":{"start":{"line":2,"character":5},"end":{"line":2,"c
[mharacter":5}},"replacement":"u"}]}}
[mgot some line: {"id":16,"jsonrpc":"2.0","result":"success"}
[msending {"jsonrpc":"2.0","id":17,"method":"cursor","params":{"uri":"file:///home/salmiak/dev/kak-eth
[mersync/test2/file","ranges":[{"start":{"line":2,"character":6},"end":{"line":2,"character":6}}]}}
[mgot some line: {"id":17,"jsonrpc":"2.0","result":"success"}
[mdelta: EditorTextDelta([EditorTextOp { range: Range { start: Position { line: 2, character: 6 }, end
[m: Position { line: 2, character: 6 } }, replacement: "w" }])
[msending {"jsonrpc":"2.0","id":18,"method":"edit","params":{"uri":"file:///home/salmiak/dev/kak-ether
[msync/test2/file","revision":0,"delta":[{"range":{"start":{"line":2,"character":6},"end":{"line":2,"c
[mharacter":6}},"replacement":"w"}]}}
[mgot some line: {"id":18,"jsonrpc":"2.0","result":"success"}
[msending {"jsonrpc":"2.0","id":19,"method":"cursor","params":{"uri":"file:///home/salmiak/dev/kak-eth
[mersync/test2/file","ranges":[{"start":{"line":2,"character":7},"end":{"line":2,"character":7}}]}}
[mgot some line: {"id":19,"jsonrpc":"2.0","result":"success"}
[msending {"jsonrpc":"2.0","id":20,"method":"cursor","params":{"uri":"file:///home/salmiak/dev/kak-eth
[mersync/test2/file","ranges":[{"start":{"line":2,"character":7},"end":{"line":2,"character":7}}]}}
[mgot some line: {"id":20,"jsonrpc":"2.0","result":"success"}
[msending {"jsonrpc":"2.0","id":21,"method":"cursor","params":{"uri":"file:///home/salmiak/dev/kak-eth
[mersync/test2/file","ranges":[{"start":{"line":2,"character":7},"end":{"line":2,"character":7}}]}}
[mgot some line: {"id":21,"jsonrpc":"2.0","result":"success"}
[msending {"jsonrpc":"2.0","id":22,"method":"cursor","params":{"uri":"file:///home/salmiak/dev/kak-eth
[mersync/test2/file","ranges":[{"start":{"line":2,"character":7},"end":{"line":2,"character":7}}]}}
[mgot some line: {"id":22,"jsonrpc":"2.0","result":"success"}
[mdelta: EditorTextDelta([EditorTextOp { range: Range { start: Position { line: 2, character: 7 }, end
[m: Position { line: 2, character: 7 } }, replacement: "w" }])
[msending {"jsonrpc":"2.0","id":23,"method":"edit","params":{"uri":"file:///home/salmiak/dev/kak-ether
[msync/test2/file","revision":0,"delta":[{"range":{"start":{"line":2,"character":7},"end":{"line":2,"c
[mharacter":7}},"replacement":"w"}]}}
[mgot some line: {"id":23,"jsonrpc":"2.0","result":"success"}
[msending {"jsonrpc":"2.0","id":24,"method":"cursor","params":{"uri":"file:///home/salmiak/dev/kak-eth
[mersync/test2/file","ranges":[{"start":{"line":2,"character":8},"end":{"line":2,"character":8}}]}}
[mgot some line: {"id":24,"jsonrpc":"2.0","result":"success"}
[mdelta: EditorTextDelta([EditorTextOp { range: Range { start: Position { line: 2, character: 8 }, end
[m: Position { line: 2, character: 8 } }, replacement: "u" }])
[msending {"jsonrpc":"2.0","id":25,"method":"edit","params":{"uri":"file:///home/salmiak/dev/kak-ether
[msync/test2/file","revision":0,"delta":[{"range":{"start":{"line":2,"character":8},"end":{"line":2,"c
[mharacter":8}},"replacement":"u"}]}}
[mgot some line: {"id":25,"jsonrpc":"2.0","result":"success"}
[msending {"jsonrpc":"2.0","id":26,"method":"cursor","params":{"uri":"file:///home/salmiak/dev/kak-eth
[mersync/test2/file","ranges":[{"start":{"line":2,"character":9},"end":{"line":2,"character":9}}]}}
[mgot some line: {"id":26,"jsonrpc":"2.0","result":"success"}
[mdelta: EditorTextDelta([EditorTextOp { range: Range { start: Position { line: 2, character: 9 }, end
[m: Position { line: 2, character: 9 } }, replacement: "w" }])
[msending {"jsonrpc":"2.0","id":27,"method":"edit","params":{"uri":"file:///home/salmiak/dev/kak-ether
[msync/test2/file","revision":0,"delta":[{"range":{"start":{"line":2,"character":9},"end":{"line":2,"c
[mharacter":9}},"replacement":"w"}]}}
[mgot some line: {"id":27,"jsonrpc":"2.0","result":"success"}
[msending {"jsonrpc":"2.0","id":28,"method":"cursor","params":{"uri":"file:///home/salmiak/dev/kak-eth
[mersync/test2/file","ranges":[{"start":{"line":2,"character":10},"end":{"line":2,"character":10}}]}}
[mgot some line: {"id":28,"jsonrpc":"2.0","result":"success"}
[mdelta: EditorTextDelta([EditorTextOp { range: Range { start: Position { line: 2, character: 10 }, en
[md: Position { line: 2, character: 10 } }, replacement: "u" }])
[msending {"jsonrpc":"2.0","id":29,"method":"edit","params":{"uri":"file:///home/salmiak/dev/kak-ether
[msync/test2/file","revision":0,"delta":[{"range":{"start":{"line":2,"character":10},"end":{"line":2,"
[mcharacter":10}},"replacement":"u"}]}}
[mgot some line: {"id":29,"jsonrpc":"2.0","result":"success"}
[msending {"jsonrpc":"2.0","id":30,"method":"cursor","params":{"uri":"file:///home/salmiak/dev/kak-eth
[mersync/test2/file","ranges":[{"start":{"line":2,"character":11},"end":{"line":2,"character":11}}]}}
[mgot some line: {"id":30,"jsonrpc":"2.0","result":"success"}
[msending {"jsonrpc":"2.0","id":31,"method":"cursor","params":{"uri":"file:///home/salmiak/dev/kak-eth
[mersync/test2/file","ranges":[{"start":{"line":2,"character":11},"end":{"line":2,"character":11}}]}}
[mgot some line: {"id":31,"jsonrpc":"2.0","result":"success"}
[msending {"jsonrpc":"2.0","id":32,"method":"cursor","params":{"uri":"file:///home/salmiak/dev/kak-eth
[mersync/test2/file","ranges":[{"start":{"line":2,"character":11},"end":{"line":2,"character":11}}]}}
[mgot some line: {"id":32,"jsonrpc":"2.0","result":"success"}
[mdelta: EditorTextDelta([EditorTextOp { range: Range { start: Position { line: 2, character: 7 }, end
[m: Position { line: 2, character: 11 } }, replacement: "" }])
[msending {"jsonrpc":"2.0","id":33,"method":"edit","params":{"uri":"file:///home/salmiak/dev/kak-ether
[msync/test2/file","revision":0,"delta":[{"range":{"start":{"line":2,"character":7},"end":{"line":2,"c
[mharacter":11}},"replacement":""}]}}
[mgot some line: {"id":33,"jsonrpc":"2.0","result":"success"}
[msending {"jsonrpc":"2.0","id":34,"method":"cursor","params":{"uri":"file:///home/salmiak/dev/kak-eth
[mersync/test2/file","ranges":[{"start":{"line":2,"character":7},"end":{"line":2,"character":7}}]}}
[mgot some line: {"id":34,"jsonrpc":"2.0","result":"success"}
[msending {"jsonrpc":"2.0","id":35,"method":"cursor","params":{"uri":"file:///home/salmiak/dev/kak-eth
[mersync/test2/file","ranges":[{"start":{"line":2,"character":7},"end":{"line":2,"character":7}}]}}
[mgot some line: {"id":35,"jsonrpc":"2.0","result":"success"}
[msending {"jsonrpc":"2.0","id":36,"method":"cursor","params":{"uri":"file:///home/salmiak/dev/kak-eth
[mersync/test2/file","ranges":[{"start":{"line":2,"character":7},"end":{"line":2,"character":7}}]}}
[mgot some line: {"id":36,"jsonrpc":"2.0","result":"success"}
[mdelta: EditorTextDelta([EditorTextOp { range: Range { start: Position { line: 2, character: 7 }, end
[m: Position { line: 2, character: 7 } }, replacement: " " }])
[msending {"jsonrpc":"2.0","id":37,"method":"edit","params":{"uri":"file:///home/salmiak/dev/kak-ether
[msync/test2/file","revision":0,"delta":[{"range":{"start":{"line":2,"character":7},"end":{"line":2,"c
[mharacter":7}},"replacement":" "}]}}
[mgot some line: {"id":37,"jsonrpc":"2.0","result":"success"}
[msending {"jsonrpc":"2.0","id":38,"method":"cursor","params":{"uri":"file:///home/salmiak/dev/kak-eth
[mersync/test2/file","ranges":[{"start":{"line":2,"character":8},"end":{"line":2,"character":8}}]}}
[mgot some line: {"id":38,"jsonrpc":"2.0","result":"success"}
[mdelta: EditorTextDelta([EditorTextOp { range: Range { start: Position { line: 2, character: 8 }, end
[m: Position { line: 2, character: 8 } }, replacement: "e" }])
[msending {"jsonrpc":"2.0","id":39,"method":"edit","params":{"uri":"file:///home/salmiak/dev/kak-ether
[msync/test2/file","revision":0,"delta":[{"range":{"start":{"line":2,"character":8},"end":{"line":2,"c
[mharacter":8}},"replacement":"e"}]}}
[mgot some line: {"id":39,"jsonrpc":"2.0","result":"success"}
[msending {"jsonrpc":"2.0","id":40,"method":"cursor","params":{"uri":"file:///home/salmiak/dev/kak-eth
[mersync/test2/file","ranges":[{"start":{"line":2,"character":9},"end":{"line":2,"character":9}}]}}
[mgot some line: {"id":40,"jsonrpc":"2.0","result":"success"}
[mdelta: EditorTextDelta([EditorTextOp { range: Range { start: Position { line: 2, character: 9 }, end
[m: Position { line: 2, character: 9 } }, replacement: "h" }])
[msending {"jsonrpc":"2.0","id":41,"method":"edit","params":{"uri":"file:///home/salmiak/dev/kak-ether
[msync/test2/file","revision":0,"delta":[{"range":{"start":{"line":2,"character":9},"end":{"line":2,"c
[mharacter":9}},"replacement":"h"}]}}
[mgot some line: {"id":41,"jsonrpc":"2.0","result":"success"}
[msending {"jsonrpc":"2.0","id":42,"method":"cursor","params":{"uri":"file:///home/salmiak/dev/kak-eth
[mersync/test2/file","ranges":[{"start":{"line":2,"character":10},"end":{"line":2,"character":10}}]}}
[mgot some line: {"id":42,"jsonrpc":"2.0","result":"success"}
[mdelta: EditorTextDelta([EditorTextOp { range: Range { start: Position { line: 2, character: 10 }, en
[md: Position { line: 2, character: 10 } }, replacement: " " }])
[msending {"jsonrpc":"2.0","id":43,"method":"edit","params":{"uri":"file:///home/salmiak/dev/kak-ether
[msync/test2/file","revision":0,"delta":[{"range":{"start":{"line":2,"character":10},"end":{"line":2,"
[mcharacter":10}},"replacement":" "}]}}
[mgot some line: {"id":43,"jsonrpc":"2.0","result":"success"}
[msending {"jsonrpc":"2.0","id":44,"method":"cursor","params":{"uri":"file:///home/salmiak/dev/kak-eth
[mersync/test2/file","ranges":[{"start":{"line":2,"character":11},"end":{"line":2,"character":11}}]}}
[mgot some line: {"id":44,"jsonrpc":"2.0","result":"success"}
[mdelta: EditorTextDelta([EditorTextOp { range: Range { start: Position { line: 2, character: 11 }, en
[md: Position { line: 2, character: 11 } }, replacement: "w" }])
[msending {"jsonrpc":"2.0","id":45,"method":"edit","params":{"uri":"file:///home/salmiak/dev/kak-ether
[msync/test2/file","revision":0,"delta":[{"range":{"start":{"line":2,"character":11},"end":{"line":2,"
[mcharacter":11}},"replacement":"w"}]}}
[mgot some line: {"id":45,"jsonrpc":"2.0","result":"success"}
[msending {"jsonrpc":"2.0","id":46,"method":"cursor","params":{"uri":"file:///home/salmiak/dev/kak-eth
[mersync/test2/file","ranges":[{"start":{"line":2,"character":12},"end":{"line":2,"character":12}}]}}
[mgot some line: {"id":46,"jsonrpc":"2.0","result":"success"}
[mdelta: EditorTextDelta([EditorTextOp { range: Range { start: Position { line: 2, character: 12 }, en
[md: Position { line: 2, character: 12 } }, replacement: "a" }])
[msending {"jsonrpc":"2.0","id":47,"method":"edit","params":{"uri":"file:///home/salmiak/dev/kak-ether
[msync/test2/file","revision":0,"delta":[{"range":{"start":{"line":2,"character":12},"end":{"line":2,"
[mcharacter":12}},"replacement":"a"}]}}
[mgot some line: {"id":47,"jsonrpc":"2.0","result":"success"}
[msending {"jsonrpc":"2.0","id":48,"method":"cursor","params":{"uri":"file:///home/salmiak/dev/kak-eth
[mersync/test2/file","ranges":[{"start":{"line":2,"character":13},"end":{"line":2,"character":13}}]}}
[mgot some line: {"id":48,"jsonrpc":"2.0","result":"success"}
[mdelta: EditorTextDelta([EditorTextOp { range: Range { start: Position { line: 2, character: 13 }, en
[md: Position { line: 2, character: 13 } }, replacement: "u" }])
[msending {"jsonrpc":"2.0","id":49,"method":"edit","params":{"uri":"file:///home/salmiak/dev/kak-ether
[msync/test2/file","revision":0,"delta":[{"range":{"start":{"line":2,"character":13},"end":{"line":2,"
[mcharacter":13}},"replacement":"u"}]}}
[mgot some line: {"id":49,"jsonrpc":"2.0","result":"success"}
[msending {"jsonrpc":"2.0","id":50,"method":"cursor","params":{"uri":"file:///home/salmiak/dev/kak-eth
[mersync/test2/file","ranges":[{"start":{"line":2,"character":14},"end":{"line":2,"character":14}}]}}
[mgot some line: {"id":50,"jsonrpc":"2.0","result":"success"}
[mdelta: EditorTextDelta([EditorTextOp { range: Range { start: Position { line: 2, character: 14 }, en
[md: Position { line: 2, character: 14 } }, replacement: "m" }])
[msending {"jsonrpc":"2.0","id":51,"method":"edit","params":{"uri":"file:///home/salmiak/dev/kak-ether
[msync/test2/file","revision":0,"delta":[{"range":{"start":{"line":2,"character":14},"end":{"line":2,"
[mcharacter":14}},"replacement":"m"}]}}
[mgot some line: {"id":51,"jsonrpc":"2.0","result":"success"}
[msending {"jsonrpc":"2.0","id":52,"method":"cursor","params":{"uri":"file:///home/salmiak/dev/kak-eth
[mersync/test2/file","ranges":[{"start":{"line":2,"character":15},"end":{"line":2,"character":15}}]}}
[mgot some line: {"id":52,"jsonrpc":"2.0","result":"success"}
[mdelta: EditorTextDelta([EditorTextOp { range: Range { start: Position { line: 2, character: 15 }, en
[md: Position { line: 2, character: 15 } }, replacement: " " }])
[msending {"jsonrpc":"2.0","id":53,"method":"edit","params":{"uri":"file:///home/salmiak/dev/kak-ether
[msync/test2/file","revision":0,"delta":[{"range":{"start":{"line":2,"character":15},"end":{"line":2,"
[mcharacter":15}},"replacement":" "}]}}
[mgot some line: {"id":53,"jsonrpc":"2.0","result":"success"}
[msending {"jsonrpc":"2.0","id":54,"method":"cursor","params":{"uri":"file:///home/salmiak/dev/kak-eth
[mersync/test2/file","ranges":[{"start":{"line":2,"character":16},"end":{"line":2,"character":16}}]}}
[mgot some line: {"id":54,"jsonrpc":"2.0","result":"success"}
[mdelta: EditorTextDelta([EditorTextOp { range: Range { start: Position { line: 2, character: 16 }, en
[md: Position { line: 2, character: 16 } }, replacement: "i" }])
[msending {"jsonrpc":"2.0","id":55,"method":"edit","params":{"uri":"file:///home/salmiak/dev/kak-ether
[msync/test2/file","revision":0,"delta":[{"range":{"start":{"line":2,"character":16},"end":{"line":2,"
[mcharacter":16}},"replacement":"i"}]}}
[mgot some line: {"id":55,"jsonrpc":"2.0","result":"success"}
[msending {"jsonrpc":"2.0","id":56,"method":"cursor","params":{"uri":"file:///home/salmiak/dev/kak-eth
[mersync/test2/file","ranges":[{"start":{"line":2,"character":17},"end":{"line":2,"character":17}}]}}
[mgot some line: {"id":56,"jsonrpc":"2.0","result":"success"}
[mdelta: EditorTextDelta([EditorTextOp { range: Range { start: Position { line: 2, character: 17 }, en
[md: Position { line: 2, character: 17 } }, replacement: "m" }])
[msending {"jsonrpc":"2.0","id":57,"method":"edit","params":{"uri":"file:///home/salmiak/dev/kak-ether
[msync/test2/file","revision":0,"delta":[{"range":{"start":{"line":2,"character":17},"end":{"line":2,"
[mcharacter":17}},"replacement":"m"}]}}
[mgot some line: {"id":57,"jsonrpc":"2.0","result":"success"}
[msending {"jsonrpc":"2.0","id":58,"method":"cursor","params":{"uri":"file:///home/salmiak/dev/kak-eth
[mersync/test2/file","ranges":[{"start":{"line":2,"character":18},"end":{"line":2,"character":18}}]}}
[mgot some line: {"id":58,"jsonrpc":"2.0","result":"success"}
[mdelta: EditorTextDelta([EditorTextOp { range: Range { start: Position { line: 2, character: 18 }, en
[md: Position { line: 2, character: 18 } }, replacement: "m" }])
[msending {"jsonrpc":"2.0","id":59,"method":"edit","params":{"uri":"file:///home/salmiak/dev/kak-ether
[msync/test2/file","revision":0,"delta":[{"range":{"start":{"line":2,"character":18},"end":{"line":2,"
[mcharacter":18}},"replacement":"m"}]}}
[mgot some line: {"id":59,"jsonrpc":"2.0","result":"success"}
[msending {"jsonrpc":"2.0","id":60,"method":"cursor","params":{"uri":"file:///home/salmiak/dev/kak-eth
[mersync/test2/file","ranges":[{"start":{"line":2,"character":19},"end":{"line":2,"character":19}}]}}
[mgot some line: {"id":60,"jsonrpc":"2.0","result":"success"}
[mdelta: EditorTextDelta([EditorTextOp { range: Range { start: Position { line: 2, character: 19 }, en
[md: Position { line: 2, character: 19 } }, replacement: "e" }])
[msending {"jsonrpc":"2.0","id":61,"method":"edit","params":{"uri":"file:///home/salmiak/dev/kak-ether
[msync/test2/file","revision":0,"delta":[{"range":{"start":{"line":2,"character":19},"end":{"line":2,"
[mcharacter":19}},"replacement":"e"}]}}
[mgot some line: {"id":61,"jsonrpc":"2.0","result":"success"}
[msending {"jsonrpc":"2.0","id":62,"method":"cursor","params":{"uri":"file:///home/salmiak/dev/kak-eth
[mersync/test2/file","ranges":[{"start":{"line":2,"character":20},"end":{"line":2,"character":20}}]}}
[mgot some line: {"id":62,"jsonrpc":"2.0","result":"success"}
[mdelta: EditorTextDelta([EditorTextOp { range: Range { start: Position { line: 2, character: 20 }, en
[md: Position { line: 2, character: 20 } }, replacement: "r" }])
[msending {"jsonrpc":"2.0","id":63,"method":"edit","params":{"uri":"file:///home/salmiak/dev/kak-ether
[msync/test2/file","revision":0,"delta":[{"range":{"start":{"line":2,"character":20},"end":{"line":2,"
[mcharacter":20}},"replacement":"r"}]}}
[mgot some line: {"id":63,"jsonrpc":"2.0","result":"success"}
[msending {"jsonrpc":"2.0","id":64,"method":"cursor","params":{"uri":"file:///home/salmiak/dev/kak-eth
[mersync/test2/file","ranges":[{"start":{"line":2,"character":21},"end":{"line":2,"character":21}}]}}
[mgot some line: {"id":64,"jsonrpc":"2.0","result":"success"}
[msending {"jsonrpc":"2.0","id":65,"method":"cursor","params":{"uri":"file:///home/salmiak/dev/kak-eth
[mersync/test2/file","ranges":[{"start":{"line":2,"character":21},"end":{"line":2,"character":21}}]}}
[mgot some line: {"id":65,"jsonrpc":"2.0","result":"success"}
[msending {"jsonrpc":"2.0","id":66,"method":"cursor","params":{"uri":"file:///home/salmiak/dev/kak-eth
[mersync/test2/file","ranges":[{"start":{"line":2,"character":20},"end":{"line":2,"character":20}}]}}
[mgot some line: {"id":66,"jsonrpc":"2.0","result":"success"}
[msending {"jsonrpc":"2.0","id":67,"method":"cursor","params":{"uri":"file:///home/salmiak/dev/kak-eth
[mersync/test2/file","ranges":[{"start":{"line":2,"character":20},"end":{"line":2,"character":20}}]}}
[mgot some line: {"id":67,"jsonrpc":"2.0","result":"success"}
[msending {"jsonrpc":"2.0","id":68,"method":"cursor","params":{"uri":"file:///home/salmiak/dev/kak-eth
[mersync/test2/file","ranges":[{"start":{"line":2,"character":20},"end":{"line":2,"character":20}}]}}
[mgot some line: {"id":68,"jsonrpc":"2.0","result":"success"}
[msending {"jsonrpc":"2.0","id":69,"method":"cursor","params":{"uri":"file:///home/salmiak/dev/kak-eth
[mersync/test2/file","ranges":[{"start":{"line":2,"character":19},"end":{"line":2,"character":19}}]}}
[mgot some line: {"id":69,"jsonrpc":"2.0","result":"success"}
[msending {"jsonrpc":"2.0","id":70,"method":"cursor","params":{"uri":"file:///home/salmiak/dev/kak-eth
[mersync/test2/file","ranges":[{"start":{"line":2,"character":18},"end":{"line":2,"character":18}}]}}
[mgot some line: {"id":70,"jsonrpc":"2.0","result":"success"}
[msending {"jsonrpc":"2.0","id":71,"method":"cursor","params":{"uri":"file:///home/salmiak/dev/kak-eth
[mersync/test2/file","ranges":[{"start":{"line":2,"character":17},"end":{"line":2,"character":17}}]}}
[mgot some line: {"id":71,"jsonrpc":"2.0","result":"success"}
[msending {"jsonrpc":"2.0","id":72,"method":"cursor","params":{"uri":"file:///home/salmiak/dev/kak-eth
[mersync/test2/file","ranges":[{"start":{"line":2,"character":16},"end":{"line":2,"character":16}}]}}
[mgot some line: {"id":72,"jsonrpc":"2.0","result":"success"}
[msending {"jsonrpc":"2.0","id":73,"method":"cursor","params":{"uri":"file:///home/salmiak/dev/kak-eth
[mersync/test2/file","ranges":[{"start":{"line":2,"character":15},"end":{"line":2,"character":15}}]}}
[mgot some line: {"id":73,"jsonrpc":"2.0","result":"success"}
[msending {"jsonrpc":"2.0","id":74,"method":"cursor","params":{"uri":"file:///home/salmiak/dev/kak-eth
[mersync/test2/file","ranges":[{"start":{"line":2,"character":14},"end":{"line":2,"character":14}}]}}
[mgot some line: {"id":74,"jsonrpc":"2.0","result":"success"}
[msending {"jsonrpc":"2.0","id":75,"method":"cursor","params":{"uri":"file:///home/salmiak/dev/kak-eth
[mersync/test2/file","ranges":[{"start":{"line":2,"character":13},"end":{"line":2,"character":13}}]}}
[mgot some line: {"id":75,"jsonrpc":"2.0","result":"success"}
[msending {"jsonrpc":"2.0","id":76,"method":"cursor","params":{"uri":"file:///home/salmiak/dev/kak-eth
[mersync/test2/file","ranges":[{"start":{"line":2,"character":13},"end":{"line":2,"character":13}}]}}
[mgot some line: {"id":76,"jsonrpc":"2.0","result":"success"}
[mdelta: EditorTextDelta([EditorTextOp { range: Range { start: Position { line: 2, character: 13 }, en
[md: Position { line: 2, character: 13 } }, replacement: "r" }])
[msending {"jsonrpc":"2.0","id":77,"method":"edit","params":{"uri":"file:///home/salmiak/dev/kak-ether
[msync/test2/file","revision":0,"delta":[{"range":{"start":{"line":2,"character":13},"end":{"line":2,"
[mcharacter":13}},"replacement":"r"}]}}
[mgot some line: {"id":77,"jsonrpc":"2.0","result":"success"}
[msending {"jsonrpc":"2.0","id":78,"method":"cursor","params":{"uri":"file:///home/salmiak/dev/kak-eth
[mersync/test2/file","ranges":[{"start":{"line":2,"character":14},"end":{"line":2,"character":14}}]}}
[mgot some line: {"id":78,"jsonrpc":"2.0","result":"success"}
[msending {"jsonrpc":"2.0","id":79,"method":"cursor","params":{"uri":"file:///home/salmiak/dev/kak-eth
[mersync/test2/file","ranges":[{"start":{"line":2,"character":14},"end":{"line":2,"character":14}}]}}
[mgot some line: {"id":79,"jsonrpc":"2.0","result":"success"}
[msending {"jsonrpc":"2.0","id":80,"method":"cursor","params":{"uri":"file:///home/salmiak/dev/kak-eth
[mersync/test2/file","ranges":[{"start":{"line":2,"character":14},"end":{"line":2,"character":14}}]}}
[mgot some line: {"id":80,"jsonrpc":"2.0","result":"success"}
[msending {"jsonrpc":"2.0","id":81,"method":"cursor","params":{"uri":"file:///home/salmiak/dev/kak-eth
[mersync/test2/file","ranges":[{"start":{"line":2,"character":14},"end":{"line":2,"character":15}}]}}
[mgot some line: {"id":81,"jsonrpc":"2.0","result":"success"}
[msending {"jsonrpc":"2.0","id":82,"method":"cursor","params":{"uri":"file:///home/salmiak/dev/kak-eth
[mersync/test2/file","ranges":[{"start":{"line":2,"character":16},"end":{"line":2,"character":25}}]}}
[mgot some line: {"id":82,"jsonrpc":"2.0","result":"success"}
[msending {"jsonrpc":"2.0","id":83,"method":"cursor","params":{"uri":"file:///home/salmiak/dev/kak-eth
[mersync/test2/file","ranges":[{"start":{"line":2,"character":26},"end":{"line":2,"character":29}}]}}
[mgot some line: {"id":83,"jsonrpc":"2.0","result":"success"}
[msending {"jsonrpc":"2.0","id":84,"method":"cursor","params":{"uri":"file:///home/salmiak/dev/kak-eth
[mersync/test2/file","ranges":[{"start":{"line":2,"character":28},"end":{"line":2,"character":28}}]}}
[mgot some line: {"id":84,"jsonrpc":"2.0","result":"success"}
[msending {"jsonrpc":"2.0","id":85,"method":"cursor","params":{"uri":"file:///home/salmiak/dev/kak-eth
[mersync/test2/file","ranges":[{"start":{"line":2,"character":27},"end":{"line":2,"character":27}}]}}
[mgot some line: {"id":85,"jsonrpc":"2.0","result":"success"}
[msending {"jsonrpc":"2.0","id":86,"method":"cursor","params":{"uri":"file:///home/salmiak/dev/kak-eth
[mersync/test2/file","ranges":[{"start":{"line":2,"character":26},"end":{"line":2,"character":26}}]}}
[mgot some line: {"id":86,"jsonrpc":"2.0","result":"success"}
[msending {"jsonrpc":"2.0","id":87,"method":"cursor","params":{"uri":"file:///home/salmiak/dev/kak-eth
[mersync/test2/file","ranges":[{"start":{"line":2,"character":25},"end":{"line":2,"character":25}}]}}
[mgot some line: {"id":87,"jsonrpc":"2.0","result":"success"}
[msending {"jsonrpc":"2.0","id":88,"method":"cursor","params":{"uri":"file:///home/salmiak/dev/kak-eth
[mersync/test2/file","ranges":[{"start":{"line":2,"character":24},"end":{"line":2,"character":24}}]}}
[mgot some line: {"id":88,"jsonrpc":"2.0","result":"success"}
[msending {"jsonrpc":"2.0","id":89,"method":"cursor","params":{"uri":"file:///home/salmiak/dev/kak-eth
[mersync/test2/file","ranges":[{"start":{"line":2,"character":23},"end":{"line":2,"character":23}}]}}
[mgot some line: {"id":89,"jsonrpc":"2.0","result":"success"}
[msending {"jsonrpc":"2.0","id":90,"method":"cursor","params":{"uri":"file:///home/salmiak/dev/kak-eth
[mersync/test2/file","ranges":[{"start":{"line":2,"character":22},"end":{"line":2,"character":22}}]}}
[mgot some line: {"id":90,"jsonrpc":"2.0","result":"success"}
[msending {"jsonrpc":"2.0","id":91,"method":"cursor","params":{"uri":"file:///home/salmiak/dev/kak-eth
[mersync/test2/file","ranges":[{"start":{"line":2,"character":22},"end":{"line":2,"character":22}}]}}
[mgot some line: {"id":91,"jsonrpc":"2.0","result":"success"}
[mdelta: EditorTextDelta([EditorTextOp { range: Range { start: Position { line: 2, character: 22 }, en
[md: Position { line: 2, character: 22 } }, replacement: " " }])
[msending {"jsonrpc":"2.0","id":92,"method":"edit","params":{"uri":"file:///home/salmiak/dev/kak-ether
[msync/test2/file","revision":0,"delta":[{"range":{"start":{"line":2,"character":22},"end":{"line":2,"
[mcharacter":22}},"replacement":" "}]}}
[mgot some line: {"id":92,"jsonrpc":"2.0","result":"success"}
[msending {"jsonrpc":"2.0","id":93,"method":"cursor","params":{"uri":"file:///home/salmiak/dev/kak-eth
[mersync/test2/file","ranges":[{"start":{"line":2,"character":23},"end":{"line":2,"character":23}}]}}
[mgot some line: {"id":93,"jsonrpc":"2.0","result":"success"}
[mdelta: EditorTextDelta([EditorTextOp { range: Range { start: Position { line: 2, character: 23 }, en
[md: Position { line: 2, character: 23 } }, replacement: "r" }])
[msending {"jsonrpc":"2.0","id":94,"method":"edit","params":{"uri":"file:///home/salmiak/dev/kak-ether
[msync/test2/file","revision":0,"delta":[{"range":{"start":{"line":2,"character":23},"end":{"line":2,"
[mcharacter":23}},"replacement":"r"}]}}
[msending {"jsonrpc":"2.0","id":95,"method":"cursor","params":{"uri":"file:///home/salmiak/dev/kak-eth
[mersync/test2/file","ranges":[{"start":{"line":2,"character":24},"end":{"line":2,"character":24}}]}}
[mgot some line: {"id":94,"jsonrpc":"2.0","result":"success"}
[mgot some line: {"id":95,"jsonrpc":"2.0","result":"success"}
[mdelta: EditorTextDelta([EditorTextOp { range: Range { start: Position { line: 2, character: 24 }, en
[md: Position { line: 2, character: 24 } }, replacement: "e" }])
[msending {"jsonrpc":"2.0","id":96,"method":"edit","params":{"uri":"file:///home/salmiak/dev/kak-ether
[msync/test2/file","revision":0,"delta":[{"range":{"start":{"line":2,"character":24},"end":{"line":2,"
[mcharacter":24}},"replacement":"e"}]}}
[mgot some line: {"id":96,"jsonrpc":"2.0","result":"success"}
[msending {"jsonrpc":"2.0","id":97,"method":"cursor","params":{"uri":"file:///home/salmiak/dev/kak-eth
[mersync/test2/file","ranges":[{"start":{"line":2,"character":25},"end":{"line":2,"character":25}}]}}
[mgot some line: {"id":97,"jsonrpc":"2.0","result":"success"}
[mdelta: EditorTextDelta([EditorTextOp { range: Range { start: Position { line: 2, character: 25 }, en
[md: Position { line: 2, character: 25 } }, replacement: "l" }])
[msending {"jsonrpc":"2.0","id":98,"method":"edit","params":{"uri":"file:///home/salmiak/dev/kak-ether
[msync/test2/file","revision":0,"delta":[{"range":{"start":{"line":2,"character":25},"end":{"line":2,"
[mcharacter":25}},"replacement":"l"}]}}
[mgot some line: {"id":98,"jsonrpc":"2.0","result":"success"}
[msending {"jsonrpc":"2.0","id":99,"method":"cursor","params":{"uri":"file:///home/salmiak/dev/kak-eth
[mersync/test2/file","ranges":[{"start":{"line":2,"character":26},"end":{"line":2,"character":26}}]}}
[mgot some line: {"id":99,"jsonrpc":"2.0","result":"success"}
[mdelta: EditorTextDelta([EditorTextOp { range: Range { start: Position { line: 2, character: 26 }, en
[md: Position { line: 2, character: 26 } }, replacement: "oa" }])
[msending {"jsonrpc":"2.0","id":100,"method":"edit","params":{"uri":"file:///home/salmiak/dev/kak-ethe
[mrsync/test2/file","revision":0,"delta":[{"range":{"start":{"line":2,"character":26},"end":{"line":2,
[m"character":26}},"replacement":"oa"}]}}
[mgot some line: {"id":100,"jsonrpc":"2.0","result":"success"}
[msending {"jsonrpc":"2.0","id":101,"method":"cursor","params":{"uri":"file:///home/salmiak/dev/kak-et
[mhersync/test2/file","ranges":[{"start":{"line":2,"character":28},"end":{"line":2,"character":28}}]}}
[mgot some line: {"id":101,"jsonrpc":"2.0","result":"success"}
[mdelta: EditorTextDelta([EditorTextOp { range: Range { start: Position { line: 2, character: 28 }, en
[md: Position { line: 2, character: 28 } }, replacement: "d" }])
[msending {"jsonrpc":"2.0","id":102,"method":"edit","params":{"uri":"file:///home/salmiak/dev/kak-ethe
[mrsync/test2/file","revision":0,"delta":[{"range":{"start":{"line":2,"character":28},"end":{"line":2,
[m"character":28}},"replacement":"d"}]}}
[mgot some line: {"id":102,"jsonrpc":"2.0","result":"success"}
[msending {"jsonrpc":"2.0","id":103,"method":"cursor","params":{"uri":"file:///home/salmiak/dev/kak-et
[mhersync/test2/file","ranges":[{"start":{"line":2,"character":29},"end":{"line":2,"character":29}}]}}
[mgot some line: {"id":103,"jsonrpc":"2.0","result":"success"}
[mdelta: EditorTextDelta([EditorTextOp { range: Range { start: Position { line: 2, character: 29 }, en
[md: Position { line: 2, character: 29 } }, replacement: "=" }])
[msending {"jsonrpc":"2.0","id":104,"method":"edit","params":{"uri":"file:///home/salmiak/dev/kak-ethe
[mrsync/test2/file","revision":0,"delta":[{"range":{"start":{"line":2,"character":29},"end":{"line":2,
[m"character":29}},"replacement":"="}]}}
[mgot some line: {"id":104,"jsonrpc":"2.0","result":"success"}
[msending {"jsonrpc":"2.0","id":105,"method":"cursor","params":{"uri":"file:///home/salmiak/dev/kak-et
[mhersync/test2/file","ranges":[{"start":{"line":2,"character":30},"end":{"line":2,"character":30}}]}}
[mgot some line: {"id":105,"jsonrpc":"2.0","result":"success"}
[mdelta: EditorTextDelta([EditorTextOp { range: Range { start: Position { line: 2, character: 30 }, en
[md: Position { line: 2, character: 30 } }, replacement: "\n" }])
[msending {"jsonrpc":"2.0","id":106,"method":"edit","params":{"uri":"file:///home/salmiak/dev/kak-ethe
[mrsync/test2/file","revision":0,"delta":[{"range":{"start":{"line":2,"character":30},"end":{"line":2,
[m"character":30}},"replacement":"\n"}]}}
[mgot some line: {"id":106,"jsonrpc":"2.0","result":"success"}
[msending {"jsonrpc":"2.0","id":107,"method":"cursor","params":{"uri":"file:///home/salmiak/dev/kak-et
[mhersync/test2/file","ranges":[{"start":{"line":3,"character":0},"end":{"line":3,"character":0}}]}}
[mgot some line: {"id":107,"jsonrpc":"2.0","result":"success"}
[mdelta: EditorTextDelta([EditorTextOp { range: Range { start: Position { line: 2, character: 30 }, en
[md: Position { line: 3, character: 0 } }, replacement: "" }])
[msending {"jsonrpc":"2.0","id":108,"method":"edit","params":{"uri":"file:///home/salmiak/dev/kak-ethe
[mrsync/test2/file","revision":0,"delta":[{"range":{"start":{"line":2,"character":30},"end":{"line":3,
[m"character":0}},"replacement":""}]}}
[mgot some line: {"id":108,"jsonrpc":"2.0","result":"success"}
[mgot cursor message for user Some("salmiak"), ranges: [Range { start: Position { line: 7, character: 
[m0 }, end: Position { line: 7, character: 0 } }]
[msending {"jsonrpc":"2.0","id":109,"method":"cursor","params":{"uri":"file:///home/salmiak/dev/kak-et
[mhersync/test2/file","ranges":[{"start":{"line":2,"character":30},"end":{"line":2,"character":30}}]}}
[mgot some line: {"id":109,"jsonrpc":"2.0","result":"success"}
[mdelta: EditorTextDelta([EditorTextOp { range: Range { start: Position { line: 2, character: 29 }, en
[md: Position { line: 2, character: 30 } }, replacement: "" }])
[msending {"jsonrpc":"2.0","id":110,"method":"edit","params":{"uri":"file:///home/salmiak/dev/kak-ethe
[mrsync/test2/file","revision":0,"delta":[{"range":{"start":{"line":2,"character":29},"end":{"line":2,
[m"character":30}},"replacement":""}]}}
[mgot some line: {"id":110,"jsonrpc":"2.0","result":"success"}
[msending {"jsonrpc":"2.0","id":111,"method":"cursor","params":{"uri":"file:///home/salmiak/dev/kak-et
[mhersync/test2/file","ranges":[{"start":{"line":2,"character":29},"end":{"line":2,"character":29}}]}}
[mgot some line: {"id":111,"jsonrpc":"2.0","result":"success"}
[mdelta: EditorTextDelta([EditorTextOp { range: Range { start: Position { line: 2, character: 29 }, en
[md: Position { line: 2, character: 29 } }, replacement: "?" }])
[msending {"jsonrpc":"2.0","id":112,"method":"edit","params":{"uri":"file:///home/salmiak/dev/kak-ethe
[mrsync/test2/file","revision":0,"delta":[{"range":{"start":{"line":2,"character":29},"end":{"line":2,
[m"character":29}},"replacement":"?"}]}}
[mgot some line: {"id":112,"jsonrpc":"2.0","result":"success"}
[msending {"jsonrpc":"2.0","id":113,"method":"cursor","params":{"uri":"file:///home/salmiak/dev/kak-et
[mhersync/test2/file","ranges":[{"start":{"line":2,"character":30},"end":{"line":2,"character":30}}]}}
[mgot some line: {"id":113,"jsonrpc":"2.0","result":"success"}
[mdelta: EditorTextDelta([EditorTextOp { range: Range { start: Position { line: 2, character: 30 }, en
[md: Position { line: 2, character: 30 } }, replacement: "\n" }])
[msending {"jsonrpc":"2.0","id":114,"method":"edit","params":{"uri":"file:///home/salmiak/dev/kak-ethe
[mrsync/test2/file","revision":0,"delta":[{"range":{"start":{"line":2,"character":30},"end":{"line":2,
[m"character":30}},"replacement":"\n"}]}}
[mgot some line: {"id":114,"jsonrpc":"2.0","result":"success"}
[msending {"jsonrpc":"2.0","id":115,"method":"cursor","params":{"uri":"file:///home/salmiak/dev/kak-et
[mhersync/test2/file","ranges":[{"start":{"line":3,"character":0},"end":{"line":3,"character":0}}]}}
[mgot some line: {"id":115,"jsonrpc":"2.0","result":"success"}
[msending {"jsonrpc":"2.0","id":116,"method":"cursor","params":{"uri":"file:///home/salmiak/dev/kak-et
[mhersync/test2/file","ranges":[{"start":{"line":3,"character":0},"end":{"line":3,"character":0}}]}}
[mgot some line: {"id":116,"jsonrpc":"2.0","result":"success"}
[msending {"jsonrpc":"2.0","id":117,"method":"cursor","params":{"uri":"file:///home/salmiak/dev/kak-et
[mhersync/test2/file","ranges":[{"start":{"line":1,"character":13},"end":{"line":1,"character":13}}]}}
[mgot some line: {"id":117,"jsonrpc":"2.0","result":"success"}
[msending {"jsonrpc":"2.0","id":118,"method":"cursor","params":{"uri":"file:///home/salmiak/dev/kak-et
[mhersync/test2/file","ranges":[{"start":{"line":1,"character":13},"end":{"line":2,"character":13}}]}}
[mgot some line: {"id":118,"jsonrpc":"2.0","result":"success"}
[msending {"jsonrpc":"2.0","id":119,"method":"cursor","params":{"uri":"file:///home/salmiak/dev/kak-et
[mhersync/test2/file","ranges":[{"start":{"line":1,"character":13},"end":{"line":3,"character":13}}]}}
[mgot some line: {"id":119,"jsonrpc":"2.0","result":"success"}
[msending {"jsonrpc":"2.0","id":120,"method":"cursor","params":{"uri":"file:///home/salmiak/dev/kak-et
[mhersync/test2/file","ranges":[{"start":{"line":1,"character":13},"end":{"line":3,"character":13}}]}}
[mgot some line: {"id":120,"jsonrpc":"2.0","result":"success"}
[msending {"jsonrpc":"2.0","id":121,"method":"cursor","params":{"uri":"file:///home/salmiak/dev/kak-et
[mhersync/test2/file","ranges":[{"start":{"line":2,"character":13},"end":{"line":2,"character":13}}]}}
[mgot some line: {"id":121,"jsonrpc":"2.0","result":"success"}
[msending {"jsonrpc":"2.0","id":122,"method":"cursor","params":{"uri":"file:///home/salmiak/dev/kak-et
[mhersync/test2/file","ranges":[{"start":{"line":2,"character":13},"end":{"line":3,"character":13}}]}}
[mgot some line: {"id":122,"jsonrpc":"2.0","result":"success"}
[msending {"jsonrpc":"2.0","id":123,"method":"cursor","params":{"uri":"file:///home/salmiak/dev/kak-et
[mhersync/test2/file","ranges":[{"start":{"line":2,"character":13},"end":{"line":3,"character":13}}]}}
[mgot some line: {"id":123,"jsonrpc":"2.0","result":"success"}
[msending {"jsonrpc":"2.0","id":124,"method":"cursor","params":{"uri":"file:///home/salmiak/dev/kak-et
[mhersync/test2/file","ranges":[{"start":{"line":1,"character":5},"end":{"line":1,"character":5}},{"st
[mart":{"line":2,"character":13},"end":{"line":3,"character":13}}]}}
[mgot some line: {"id":124,"jsonrpc":"2.0","result":"success"}
[msending {"jsonrpc":"2.0","id":125,"method":"cursor","params":{"uri":"file:///home/salmiak/dev/kak-et
[mhersync/test2/file","ranges":[{"start":{"line":1,"character":5},"end":{"line":0,"character":5}},{"st
[mart":{"line":2,"character":13},"end":{"line":3,"character":13}}]}}
[mgot some line: {"id":125,"jsonrpc":"2.0","result":"success"}
[msending {"jsonrpc":"2.0","id":126,"method":"cursor","params":{"uri":"file:///home/salmiak/dev/kak-et
[mhersync/test2/file","ranges":[{"start":{"line":1,"character":5},"end":{"line":0,"character":5}},{"st
[mart":{"line":2,"character":13},"end":{"line":3,"character":13}}]}}
[mgot some line: {"id":126,"jsonrpc":"2.0","result":"success"}
[mdelta: EditorTextDelta([EditorTextOp { range: Range { start: Position { line: 0, character: 5 }, end
[m: Position { line: 1, character: 6 } }, replacement: "" }, EditorTextOp { range: Range { start: Posi
[mtion { line: 2, character: 12 }, end: Position { line: 2, character: 27 } }, replacement: "" }, Edit
[morTextOp { range: Range { start: Position { line: 2, character: 28 }, end: Position { line: 3, chara
[mcter: 14 } }, replacement: "" }])
[mthread 'main' panicked at src/main.rs:198:29:
[mattempt to subtract with overflow
[mnote: run with `RUST_BACKTRACE=1` environment variable to display a backtrace
[m                                                                                                    
